<?xml version="1.0" encoding="UTF-8"?>
<testsuite name="org.example.TowerTest" tests="1" skipped="0" failures="0" errors="0" timestamp="2024-06-26T23:34:32" hostname="LAPTOP-662VNBS9" time="0.014">
  <properties/>
  <testcase name="testTowerConstructorValidSymbol()" classname="org.example.TowerTest" time="0.014"/>
  <system-out><![CDATA[]]></system-out>
  <system-err><![CDATA[]]></system-err>
</testsuite>
